<?xml version="1.0" encoding="UTF-8"?>
<!-- Generated by org.testng.reporters.JUnitReportReporter -->
<testsuite hostname="Guard" name="first.screensort" tests="1" failures="0" timestamp="17 Apr 2020 04:17:48 GMT" time="8.816" errors="0">
  <testcase name="testGuru99TakeScreenShot" time="8.816" classname="first.screensort"/>
</testsuite> <!-- first.screensort -->
