<?xml version="1.0" encoding="UTF-8"?>
<!-- Generated by org.testng.reporters.JUnitReportReporter -->
<testsuite hostname="Guard" name="first.parameterdemo" tests="1" failures="0" timestamp="14 Apr 2020 11:09:18 GMT" time="9.226" errors="0">
  <testcase name="display" time="9.226" classname="first.parameterdemo"/>
</testsuite> <!-- first.parameterdemo -->
