<?xml version="1.0" encoding="UTF-8"?>
<!-- Generated by org.testng.reporters.JUnitReportReporter -->
<testsuite hostname="Guard" name="first.dataproviderdemo" tests="2" failures="0" timestamp="11 Apr 2020 18:38:05 GMT" time="26.311" errors="0">
  <testcase name="fetch" time="12.411" classname="first.dataproviderdemo"/>
  <testcase name="fetch" time="13.900" classname="first.dataproviderdemo"/>
</testsuite> <!-- first.dataproviderdemo -->
